<?xml version="1.0" encoding="utf-8"?><testsuites name="pytest tests"><testsuite name="pytest" errors="0" failures="0" skipped="0" tests="24" time="3.073" timestamp="2026-04-05T05:24:27.190850+00:00" hostname="agent-env-604cdfb5-20bf-44cf-b817-84d2b3a43bf9"><testcase classname="backend.tests.test_iteration6_features.TestTutorEndpoints" name="test_velnar_vocabulary_endpoint" time="0.195" /><testcase classname="backend.tests.test_iteration6_features.TestTutorEndpoints" name="test_velnar_course_endpoint" time="0.115" /><testcase classname="backend.tests.test_iteration6_features.TestWarriorPracticesExpanded" name="test_all_four_disciplines_present" time="0.160" /><testcase classname="backend.tests.test_iteration6_features.TestWarriorPracticesExpanded" name="test_iaido_has_five_stages" time="0.114" /><testcase classname="backend.tests.test_iteration6_features.TestWarriorPracticesExpanded" name="test_iaido_detailed_instructions_have_how_to_do_it" time="0.116" /><testcase classname="backend.tests.test_iteration6_features.TestWarriorPracticesExpanded" name="test_iaido_expanded_reference_sections" time="0.132" /><testcase classname="backend.tests.test_iteration6_features.TestWarriorPracticesExpanded" name="test_kyudo_expanded_content" time="0.117" /><testcase classname="backend.tests.test_iteration6_features.TestWarriorPracticesExpanded" name="test_systema_expanded_content" time="0.129" /><testcase classname="backend.tests.test_iteration6_features.TestWarriorPracticesExpanded" name="test_throwing_daggers_has_five_stages" time="0.122" /><testcase classname="backend.tests.test_iteration6_features.TestNutritionalArchitectureRecipes" name="test_recipes_tab_has_four_recipes" time="0.115" /><testcase classname="backend.tests.test_iteration6_features.TestNutritionalArchitectureRecipes" name="test_recipe_has_required_fields" time="0.120" /><testcase classname="backend.tests.test_iteration6_features.TestNutritionalArchitectureRecipes" name="test_specific_recipes_present" time="0.107" /><testcase classname="backend.tests.test_iteration6_features.TestNutritionalArchitectureRecipes" name="test_weekly_prep_protocol_present" time="0.114" /><testcase classname="backend.tests.test_iteration6_features.TestNutritionalArchitectureRecipes" name="test_progress_markers_present" time="0.101" /><testcase classname="backend.tests.test_iteration6_features.TestTrainingRegimenExpanded" name="test_session_architecture_present" time="0.119" /><testcase classname="backend.tests.test_iteration6_features.TestTrainingRegimenExpanded" name="test_proficiency_model_present" time="0.097" /><testcase classname="backend.tests.test_iteration6_features.TestTrainingRegimenExpanded" name="test_twelve_month_roadmap_present" time="0.108" /><testcase classname="backend.tests.test_iteration6_features.TestTrainingRegimenExpanded" name="test_logbook_standard_present" time="0.111" /><testcase classname="backend.tests.test_iteration6_features.TestAllPagesRender" name="test_dashboard_data" time="0.103" /><testcase classname="backend.tests.test_iteration6_features.TestAllPagesRender" name="test_warrior_practices_endpoint" time="0.112" /><testcase classname="backend.tests.test_iteration6_features.TestAllPagesRender" name="test_nutritional_architecture_endpoint" time="0.100" /><testcase classname="backend.tests.test_iteration6_features.TestAllPagesRender" name="test_training_regimen_endpoint" time="0.101" /><testcase classname="backend.tests.test_iteration6_features.TestAllPagesRender" name="test_velnar_vocabulary_endpoint" time="0.136" /><testcase classname="backend.tests.test_iteration6_features.TestAllPagesRender" name="test_velnar_course_endpoint" time="0.102" /></testsuite></testsuites>