<?xml version="1.0" encoding="utf-8"?><testsuites name="pytest tests"><testsuite name="pytest" errors="0" failures="2" skipped="0" tests="28" time="5.244" timestamp="2026-04-04T23:26:41.071507+00:00" hostname="agent-env-604cdfb5-20bf-44cf-b817-84d2b3a43bf9"><testcase classname="backend.tests.test_iteration4_features.TestHealthAndBasics" name="test_health_endpoint" time="0.262" /><testcase classname="backend.tests.test_iteration4_features.TestMealPlanAPI" name="test_meals_plan_returns_30_recipes" time="0.119" /><testcase classname="backend.tests.test_iteration4_features.TestMealPlanAPI" name="test_recipe_has_full_data_structure" time="0.114" /><testcase classname="backend.tests.test_iteration4_features.TestMealPlanAPI" name="test_meals_plan_day_1_resolved" time="0.113" /><testcase classname="backend.tests.test_iteration4_features.TestMealPlanAPI" name="test_single_recipe_endpoint" time="0.114" /><testcase classname="backend.tests.test_iteration4_features.TestMealPlanAPI" name="test_meals_plan_has_30_days" time="0.109" /><testcase classname="backend.tests.test_iteration4_features.TestExpandedDoctrinesAPI" name="test_expanded_doctrines_returns_6" time="0.107" /><testcase classname="backend.tests.test_iteration4_features.TestExpandedDoctrinesAPI" name="test_doctrine_has_full_structure" time="0.098" /><testcase classname="backend.tests.test_iteration4_features.TestExpandedDoctrinesAPI" name="test_litany_has_line_by_line" time="0.121" /><testcase classname="backend.tests.test_iteration4_features.TestExpandedDoctrinesAPI" name="test_single_doctrine_endpoint" time="0.102" /><testcase classname="backend.tests.test_iteration4_features.TestVelnarLanguageGuideAPI" name="test_language_guide_returns_all_sections" time="0.113" /><testcase classname="backend.tests.test_iteration4_features.TestVelnarLanguageGuideAPI" name="test_root_houses_count" time="0.121" /><testcase classname="backend.tests.test_iteration4_features.TestVelnarLanguageGuideAPI" name="test_core_roots_count" time="0.100" /><testcase classname="backend.tests.test_iteration4_features.TestVelnarLanguageGuideAPI" name="test_heart_phrases_categories" time="0.117" /><testcase classname="backend.tests.test_iteration4_features.TestVelnarLanguageGuideAPI" name="test_shadow_lexicon_structure" time="0.130" /><testcase classname="backend.tests.test_iteration4_features.TestVelnarLanguageGuideAPI" name="test_rite_phrases_categories" time="0.124" /><testcase classname="backend.tests.test_iteration4_features.TestVelnarLanguageGuideAPI" name="test_stage_path_count" time="0.104" /><testcase classname="backend.tests.test_iteration4_features.TestVelnarLanguageGuideAPI" name="test_script_system_structure" time="0.110" /><testcase classname="backend.tests.test_iteration4_features.TestTranslatorAPI" name="test_translator_endpoint_works" time="1.152" /><testcase classname="backend.tests.test_iteration4_features.TestTranslatorAPI" name="test_translator_handles_incoming_direction" time="0.908" /><testcase classname="backend.tests.test_iteration4_features.TestExistingEndpoints" name="test_dashboard_data" time="0.108"><failure message="assert 404 == 200&#10; +  where 404 = &lt;Response [404]&gt;.status_code">backend/tests/test_iteration4_features.py:350: in test_dashboard_data
    assert response.status_code == 200
E   assert 404 == 200
E    +  where 404 = &lt;Response [404]&gt;.status_code</failure></testcase><testcase classname="backend.tests.test_iteration4_features.TestExistingEndpoints" name="test_practices_meditations" time="0.119" /><testcase classname="backend.tests.test_iteration4_features.TestExistingEndpoints" name="test_warrior_practices" time="0.101"><failure message="assert 404 == 200&#10; +  where 404 = &lt;Response [404]&gt;.status_code">backend/tests/test_iteration4_features.py:364: in test_warrior_practices
    assert response.status_code == 200
E   assert 404 == 200
E    +  where 404 = &lt;Response [404]&gt;.status_code</failure></testcase><testcase classname="backend.tests.test_iteration4_features.TestExistingEndpoints" name="test_rite_of_uncrowned" time="0.105" /><testcase classname="backend.tests.test_iteration4_features.TestExistingEndpoints" name="test_glossary" time="0.100" /><testcase classname="backend.tests.test_iteration4_features.TestExistingEndpoints" name="test_shadow_work" time="0.103" /><testcase classname="backend.tests.test_iteration4_features.TestExistingEndpoints" name="test_training_regimen" time="0.114" /><testcase classname="backend.tests.test_iteration4_features.TestExistingEndpoints" name="test_nutritional_architecture" time="0.114" /></testsuite></testsuites>