<?xml version="1.0" encoding="utf-8"?><testsuites name="pytest tests"><testsuite name="pytest" errors="0" failures="0" skipped="0" tests="23" time="3.828" timestamp="2026-04-04T23:03:43.698661+00:00" hostname="agent-env-604cdfb5-20bf-44cf-b817-84d2b3a43bf9"><testcase classname="backend.tests.test_new_features.TestHealthAndBasics" name="test_health_endpoint" time="0.145" /><testcase classname="backend.tests.test_new_features.TestHealthAndBasics" name="test_root_endpoint" time="0.102" /><testcase classname="backend.tests.test_new_features.TestShadowWorkEndpoints" name="test_get_shadow_chapters" time="0.100" /><testcase classname="backend.tests.test_new_features.TestShadowWorkEndpoints" name="test_get_moral_architecture" time="0.110" /><testcase classname="backend.tests.test_new_features.TestShadowWorkEndpoints" name="test_get_cognitive_functions" time="0.099" /><testcase classname="backend.tests.test_new_features.TestTrainingRegimenEndpoints" name="test_get_training_regimen" time="0.108" /><testcase classname="backend.tests.test_new_features.TestNutritionalArchitectureEndpoints" name="test_get_nutritional_architecture" time="0.104" /><testcase classname="backend.tests.test_new_features.TestRitualPreparationsEndpoints" name="test_get_ritual_preparations" time="0.099" /><testcase classname="backend.tests.test_new_features.TestGlossaryEndpoints" name="test_get_glossary" time="0.125" /><testcase classname="backend.tests.test_new_features.TestTranslatorEndpoints" name="test_translator_endpoint_structure" time="1.296" /><testcase classname="backend.tests.test_new_features.TestHydrationTrackingEndpoints" name="test_post_hydration" time="0.120" /><testcase classname="backend.tests.test_new_features.TestHydrationTrackingEndpoints" name="test_get_hydration" time="0.111" /><testcase classname="backend.tests.test_new_features.TestWorkoutTrackingEndpoints" name="test_post_workout" time="0.114" /><testcase classname="backend.tests.test_new_features.TestWorkoutTrackingEndpoints" name="test_get_workouts" time="0.108" /><testcase classname="backend.tests.test_new_features.TestStreakTrackingEndpoints" name="test_get_streak" time="0.104" /><testcase classname="backend.tests.test_new_features.TestStreakTrackingEndpoints" name="test_post_activity" time="0.105" /><testcase classname="backend.tests.test_new_features.TestExpandedDoctrinesEndpoints" name="test_get_expanded_doctrines" time="0.119" /><testcase classname="backend.tests.test_new_features.TestMeditationsEndpoints" name="test_get_all_meditations" time="0.105" /><testcase classname="backend.tests.test_new_features.TestExistingEndpoints" name="test_velnar_vocabulary" time="0.124" /><testcase classname="backend.tests.test_new_features.TestExistingEndpoints" name="test_warrior_practices" time="0.097" /><testcase classname="backend.tests.test_new_features.TestExistingEndpoints" name="test_rite_endpoint" time="0.099" /><testcase classname="backend.tests.test_new_features.TestExistingEndpoints" name="test_daily_practices" time="0.102" /><testcase classname="backend.tests.test_new_features.TestExistingEndpoints" name="test_meal_plan" time="0.121" /></testsuite></testsuites>