<?xml version="1.0" encoding="utf-8"?><testsuites name="pytest tests"><testsuite name="pytest" errors="0" failures="0" skipped="0" tests="40" time="6.279" timestamp="2026-04-05T01:13:33.451799+00:00" hostname="agent-env-604cdfb5-20bf-44cf-b817-84d2b3a43bf9"><testcase classname="backend.tests.test_iteration5_content.TestWarriorPracticesContent" name="test_warrior_practices_returns_4_disciplines" time="0.170" /><testcase classname="backend.tests.test_iteration5_content.TestWarriorPracticesContent" name="test_iaido_has_5_stages" time="0.114" /><testcase classname="backend.tests.test_iteration5_content.TestWarriorPracticesContent" name="test_iaido_stage1_has_detailed_instructions" time="0.113" /><testcase classname="backend.tests.test_iteration5_content.TestWarriorPracticesContent" name="test_detailed_instruction_has_required_fields" time="0.152" /><testcase classname="backend.tests.test_iteration5_content.TestWarriorPracticesContent" name="test_instruction_has_common_mistakes" time="0.126" /><testcase classname="backend.tests.test_iteration5_content.TestWarriorPracticesContent" name="test_instruction_has_progression" time="0.175" /><testcase classname="backend.tests.test_iteration5_content.TestWarriorPracticesContent" name="test_instruction_has_beginner_note" time="0.153" /><testcase classname="backend.tests.test_iteration5_content.TestWarriorPracticesContent" name="test_stage_has_requirements" time="0.103" /><testcase classname="backend.tests.test_iteration5_content.TestWarriorPracticesContent" name="test_iaido_has_equipment_with_sourcing" time="0.121" /><testcase classname="backend.tests.test_iteration5_content.TestWarriorPracticesContent" name="test_kyudo_has_detailed_instructions" time="0.103" /><testcase classname="backend.tests.test_iteration5_content.TestWarriorPracticesContent" name="test_systema_has_detailed_instructions" time="0.147" /><testcase classname="backend.tests.test_iteration5_content.TestWarriorPracticesContent" name="test_throwing_daggers_has_detailed_instructions" time="0.110" /><testcase classname="backend.tests.test_iteration5_content.TestMealPlanContent" name="test_meal_plan_returns_30_recipes" time="0.159" /><testcase classname="backend.tests.test_iteration5_content.TestMealPlanContent" name="test_recipe_has_ingredients_array" time="0.110" /><testcase classname="backend.tests.test_iteration5_content.TestMealPlanContent" name="test_recipe_has_method_array" time="0.116" /><testcase classname="backend.tests.test_iteration5_content.TestMealPlanContent" name="test_recipe_has_tip" time="0.117" /><testcase classname="backend.tests.test_iteration5_content.TestMealPlanContent" name="test_recipe_has_cost" time="0.117" /><testcase classname="backend.tests.test_iteration5_content.TestMealPlanContent" name="test_recipe_has_serves" time="0.098" /><testcase classname="backend.tests.test_iteration5_content.TestMealPlanContent" name="test_meal_plan_has_30_days" time="0.120" /><testcase classname="backend.tests.test_iteration5_content.TestMealPlanContent" name="test_meal_plan_has_5_weeks" time="0.120" /><testcase classname="backend.tests.test_iteration5_content.TestMealPlanContent" name="test_meal_plan_has_meta_with_strategy" time="0.134" /><testcase classname="backend.tests.test_iteration5_content.TestMealPlanContent" name="test_all_recipes_have_full_data" time="0.324" /><testcase classname="backend.tests.test_iteration5_content.TestDoctrinesExpanded" name="test_doctrines_expanded_returns_6_doctrines" time="0.100" /><testcase classname="backend.tests.test_iteration5_content.TestDoctrinesExpanded" name="test_doctrine_has_full_text" time="0.104" /><testcase classname="backend.tests.test_iteration5_content.TestDoctrinesExpanded" name="test_doctrine_has_velnar_form" time="0.106" /><testcase classname="backend.tests.test_iteration5_content.TestDoctrinesExpanded" name="test_doctrine_has_pronunciation" time="0.100" /><testcase classname="backend.tests.test_iteration5_content.TestDoctrinesExpanded" name="test_doctrine_has_when_to_use" time="0.101" /><testcase classname="backend.tests.test_iteration5_content.TestDoctrinesExpanded" name="test_litany_has_line_by_line" time="0.158" /><testcase classname="backend.tests.test_iteration5_content.TestVelnarLanguageGuide" name="test_language_guide_returns_data" time="0.105" /><testcase classname="backend.tests.test_iteration5_content.TestVelnarLanguageGuide" name="test_has_root_houses" time="0.106" /><testcase classname="backend.tests.test_iteration5_content.TestVelnarLanguageGuide" name="test_has_core_roots" time="0.116" /><testcase classname="backend.tests.test_iteration5_content.TestVelnarLanguageGuide" name="test_has_sound_section" time="0.102" /><testcase classname="backend.tests.test_iteration5_content.TestVelnarLanguageGuide" name="test_has_heart_phrases" time="0.118" /><testcase classname="backend.tests.test_iteration5_content.TestVelnarLanguageGuide" name="test_has_shadow_lexicon" time="0.139" /><testcase classname="backend.tests.test_iteration5_content.TestVelnarLanguageGuide" name="test_has_rite_phrases" time="0.101" /><testcase classname="backend.tests.test_iteration5_content.TestVelnarLanguageGuide" name="test_has_stage_path" time="0.122" /><testcase classname="backend.tests.test_iteration5_content.TestVelnarLanguageGuide" name="test_has_script_system" time="0.115" /><testcase classname="backend.tests.test_iteration5_content.TestTranslatorEndpoint" name="test_translator_endpoint_exists" time="1.158" /><testcase classname="backend.tests.test_iteration5_content.TestDashboardStillWorks" name="test_health_endpoint" time="0.121" /><testcase classname="backend.tests.test_iteration5_content.TestDashboardStillWorks" name="test_tracking_workouts" time="0.122" /></testsuite></testsuites>